<?xml version="1.0" encoding="UTF-8"?>
<!-- Generated by org.testng.reporters.JUnitReportReporter -->
<testsuite hostname="LAPTOP-HAN9NHLH" failures="0" tests="1" name="testpkg.SaucedemoTestpkg" time="3.918" errors="0" timestamp="2024-04-29T12:01:03 IST" skipped="0">
  <testcase classname="testpkg.SaucedemoTestpkg" name="test" time="3.918"/>
</testsuite> <!-- testpkg.SaucedemoTestpkg -->
